<?xml version="1.0" encoding="UTF-8"?>
<testng-results skipped="1" failed="0" ignored="0" total="1" passed="0">
  <reporter-output>
  </reporter-output>
  <suite name="Default suite" duration-ms="16683" started-at="2020-01-01T18:36:23Z" finished-at="2020-01-01T18:36:39Z">
    <groups>
    </groups>
    <test name="Default test" duration-ms="16683" started-at="2020-01-01T18:36:23Z" finished-at="2020-01-01T18:36:39Z">
      <class name="testcases.TestCase1">
        <test-method status="FAIL" signature="initials()[pri:0, instance:testcases.TestCase1@604ed9f0]" name="initials" is-config="true" duration-ms="16619" started-at="2020-01-01T18:36:23Z" finished-at="2020-01-01T18:36:39Z">
          <exception class="org.openqa.selenium.SessionNotCreatedException">
            <message>
              <![CDATA[session not created
from chrome not reachable
  (Session info: chrome=79.0.3945.88)
Build info: version: '3.141.59', revision: 'e82be7d358', time: '2018-11-14T08:17:03'
System info: host: 'GAGAN', ip: '192.168.1.5', os.name: 'Windows 10', os.arch: 'amd64', os.version: '10.0', java.version: '1.8.0_121'
Driver info: driver.version: ChromeDriver
remote stacktrace: Backtrace:
Ordinal0 [0x0056A903+1550595]
Ordinal0 [0x004EA701+1025793]
Ordinal0 [0x0046C58E+509326]
Ordinal0 [0x004662C2+484034]
Ordinal0 [0x0046699B+485787]
Ordinal0 [0x00467B05+490245]
Ordinal0 [0x00463A85+473733]
Ordinal0 [0x0046D330+512816]
Ordinal0 [0x0041B649+177737]
Ordinal0 [0x0041A8ED+174317]
Ordinal0 [0x00418CDB+167131]
Ordinal0 [0x0040144A+70730]
Ordinal0 [0x004024D0+74960]
Ordinal0 [0x00402469+74857]
Ordinal0 [0x005042C7+1131207]
GetHandleVerifier [0x006070FD+523789]
GetHandleVerifier [0x00606E90+523168]
GetHandleVerifier [0x0060E1E7+552695]
GetHandleVerifier [0x006078FA+525834]
Ordinal0 [0x004FB7FC+1095676]
Ordinal0 [0x0050633B+1139515]
Ordinal0 [0x005064A3+1139875]
Ordinal0 [0x00505425+1135653]
BaseThreadInitThunk [0x755D6359+25]
RtlGetAppContainerNamedObjectPath [0x77B17B74+228]
RtlGetAppContainerNamedObjectPath [0x77B17B44+180]
]]>
            </message>
            <full-stacktrace>
              <![CDATA[org.openqa.selenium.SessionNotCreatedException: session not created
from chrome not reachable
  (Session info: chrome=79.0.3945.88)
Build info: version: '3.141.59', revision: 'e82be7d358', time: '2018-11-14T08:17:03'
System info: host: 'GAGAN', ip: '192.168.1.5', os.name: 'Windows 10', os.arch: 'amd64', os.version: '10.0', java.version: '1.8.0_121'
Driver info: driver.version: ChromeDriver
remote stacktrace: Backtrace:
Ordinal0 [0x0056A903+1550595]
Ordinal0 [0x004EA701+1025793]
Ordinal0 [0x0046C58E+509326]
Ordinal0 [0x004662C2+484034]
Ordinal0 [0x0046699B+485787]
Ordinal0 [0x00467B05+490245]
Ordinal0 [0x00463A85+473733]
Ordinal0 [0x0046D330+512816]
Ordinal0 [0x0041B649+177737]
Ordinal0 [0x0041A8ED+174317]
Ordinal0 [0x00418CDB+167131]
Ordinal0 [0x0040144A+70730]
Ordinal0 [0x004024D0+74960]
Ordinal0 [0x00402469+74857]
Ordinal0 [0x005042C7+1131207]
GetHandleVerifier [0x006070FD+523789]
GetHandleVerifier [0x00606E90+523168]
GetHandleVerifier [0x0060E1E7+552695]
GetHandleVerifier [0x006078FA+525834]
Ordinal0 [0x004FB7FC+1095676]
Ordinal0 [0x0050633B+1139515]
Ordinal0 [0x005064A3+1139875]
Ordinal0 [0x00505425+1135653]
BaseThreadInitThunk [0x755D6359+25]
RtlGetAppContainerNamedObjectPath [0x77B17B74+228]
RtlGetAppContainerNamedObjectPath [0x77B17B44+180]

at sun.reflect.NativeConstructorAccessorImpl.newInstance0(Native Method)
at sun.reflect.NativeConstructorAccessorImpl.newInstance(Unknown Source)
at sun.reflect.DelegatingConstructorAccessorImpl.newInstance(Unknown Source)
at java.lang.reflect.Constructor.newInstance(Unknown Source)
at org.openqa.selenium.remote.W3CHandshakeResponse.lambda$errorHandler$0(W3CHandshakeResponse.java:62)
at org.openqa.selenium.remote.HandshakeResponse.lambda$getResponseFunction$0(HandshakeResponse.java:30)
at org.openqa.selenium.remote.ProtocolHandshake.lambda$createSession$0(ProtocolHandshake.java:126)
at java.util.stream.ReferencePipeline$3$1.accept(Unknown Source)
at java.util.Spliterators$ArraySpliterator.tryAdvance(Unknown Source)
at java.util.stream.ReferencePipeline.forEachWithCancel(Unknown Source)
at java.util.stream.AbstractPipeline.copyIntoWithCancel(Unknown Source)
at java.util.stream.AbstractPipeline.copyInto(Unknown Source)
at java.util.stream.AbstractPipeline.wrapAndCopyInto(Unknown Source)
at java.util.stream.FindOps$FindOp.evaluateSequential(Unknown Source)
at java.util.stream.AbstractPipeline.evaluate(Unknown Source)
at java.util.stream.ReferencePipeline.findFirst(Unknown Source)
at org.openqa.selenium.remote.ProtocolHandshake.createSession(ProtocolHandshake.java:128)
at org.openqa.selenium.remote.ProtocolHandshake.createSession(ProtocolHandshake.java:74)
at org.openqa.selenium.remote.HttpCommandExecutor.execute(HttpCommandExecutor.java:136)
at org.openqa.selenium.remote.service.DriverCommandExecutor.execute(DriverCommandExecutor.java:83)
at org.openqa.selenium.remote.RemoteWebDriver.execute(RemoteWebDriver.java:552)
at org.openqa.selenium.remote.RemoteWebDriver.startSession(RemoteWebDriver.java:213)
at org.openqa.selenium.remote.RemoteWebDriver.<init>(RemoteWebDriver.java:131)
at org.openqa.selenium.chrome.ChromeDriver.<init>(ChromeDriver.java:181)
at org.openqa.selenium.chrome.ChromeDriver.<init>(ChromeDriver.java:168)
at org.openqa.selenium.chrome.ChromeDriver.<init>(ChromeDriver.java:123)
at base.DriverInitials.initials(DriverInitials.java:33)
at sun.reflect.NativeMethodAccessorImpl.invoke0(Native Method)
at sun.reflect.NativeMethodAccessorImpl.invoke(Unknown Source)
at sun.reflect.DelegatingMethodAccessorImpl.invoke(Unknown Source)
at java.lang.reflect.Method.invoke(Unknown Source)
at org.testng.internal.MethodInvocationHelper.invokeMethod(MethodInvocationHelper.java:124)
at org.testng.internal.MethodInvocationHelper.invokeMethodConsideringTimeout(MethodInvocationHelper.java:59)
at org.testng.internal.Invoker.invokeConfigurationMethod(Invoker.java:455)
at org.testng.internal.Invoker.invokeConfigurations(Invoker.java:222)
at org.testng.internal.Invoker.invokeMethod(Invoker.java:520)
at org.testng.internal.Invoker.invokeTestMethod(Invoker.java:716)
at org.testng.internal.Invoker.invokeTestMethods(Invoker.java:988)
at org.testng.internal.TestMethodWorker.invokeTestMethods(TestMethodWorker.java:125)
at org.testng.internal.TestMethodWorker.run(TestMethodWorker.java:109)
at org.testng.TestRunner.privateRun(TestRunner.java:648)
at org.testng.TestRunner.run(TestRunner.java:505)
at org.testng.SuiteRunner.runTest(SuiteRunner.java:455)
at org.testng.SuiteRunner.runSequentially(SuiteRunner.java:450)
at org.testng.SuiteRunner.privateRun(SuiteRunner.java:415)
at org.testng.SuiteRunner.run(SuiteRunner.java:364)
at org.testng.SuiteRunnerWorker.runSuite(SuiteRunnerWorker.java:52)
at org.testng.SuiteRunnerWorker.run(SuiteRunnerWorker.java:84)
at org.testng.TestNG.runSuitesSequentially(TestNG.java:1208)
at org.testng.TestNG.runSuitesLocally(TestNG.java:1137)
at org.testng.TestNG.runSuites(TestNG.java:1049)
at org.testng.TestNG.run(TestNG.java:1017)
at org.testng.remote.AbstractRemoteTestNG.run(AbstractRemoteTestNG.java:114)
at org.testng.remote.RemoteTestNG.initAndRun(RemoteTestNG.java:251)
at org.testng.remote.RemoteTestNG.main(RemoteTestNG.java:77)
]]>
            </full-stacktrace>
          </exception> <!-- org.openqa.selenium.SessionNotCreatedException -->
          <reporter-output>
          </reporter-output>
        </test-method> <!-- initials -->
        <test-method status="SKIP" signature="testCase1()[pri:0, instance:testcases.TestCase1@604ed9f0]" name="testCase1" duration-ms="0" started-at="2020-01-01T18:36:39Z" finished-at="2020-01-01T18:36:39Z">
          <exception class="org.openqa.selenium.SessionNotCreatedException">
            <message>
              <![CDATA[session not created
from chrome not reachable
  (Session info: chrome=79.0.3945.88)
Build info: version: '3.141.59', revision: 'e82be7d358', time: '2018-11-14T08:17:03'
System info: host: 'GAGAN', ip: '192.168.1.5', os.name: 'Windows 10', os.arch: 'amd64', os.version: '10.0', java.version: '1.8.0_121'
Driver info: driver.version: ChromeDriver
remote stacktrace: Backtrace:
Ordinal0 [0x0056A903+1550595]
Ordinal0 [0x004EA701+1025793]
Ordinal0 [0x0046C58E+509326]
Ordinal0 [0x004662C2+484034]
Ordinal0 [0x0046699B+485787]
Ordinal0 [0x00467B05+490245]
Ordinal0 [0x00463A85+473733]
Ordinal0 [0x0046D330+512816]
Ordinal0 [0x0041B649+177737]
Ordinal0 [0x0041A8ED+174317]
Ordinal0 [0x00418CDB+167131]
Ordinal0 [0x0040144A+70730]
Ordinal0 [0x004024D0+74960]
Ordinal0 [0x00402469+74857]
Ordinal0 [0x005042C7+1131207]
GetHandleVerifier [0x006070FD+523789]
GetHandleVerifier [0x00606E90+523168]
GetHandleVerifier [0x0060E1E7+552695]
GetHandleVerifier [0x006078FA+525834]
Ordinal0 [0x004FB7FC+1095676]
Ordinal0 [0x0050633B+1139515]
Ordinal0 [0x005064A3+1139875]
Ordinal0 [0x00505425+1135653]
BaseThreadInitThunk [0x755D6359+25]
RtlGetAppContainerNamedObjectPath [0x77B17B74+228]
RtlGetAppContainerNamedObjectPath [0x77B17B44+180]
]]>
            </message>
            <full-stacktrace>
              <![CDATA[org.openqa.selenium.SessionNotCreatedException: session not created
from chrome not reachable
  (Session info: chrome=79.0.3945.88)
Build info: version: '3.141.59', revision: 'e82be7d358', time: '2018-11-14T08:17:03'
System info: host: 'GAGAN', ip: '192.168.1.5', os.name: 'Windows 10', os.arch: 'amd64', os.version: '10.0', java.version: '1.8.0_121'
Driver info: driver.version: ChromeDriver
remote stacktrace: Backtrace:
Ordinal0 [0x0056A903+1550595]
Ordinal0 [0x004EA701+1025793]
Ordinal0 [0x0046C58E+509326]
Ordinal0 [0x004662C2+484034]
Ordinal0 [0x0046699B+485787]
Ordinal0 [0x00467B05+490245]
Ordinal0 [0x00463A85+473733]
Ordinal0 [0x0046D330+512816]
Ordinal0 [0x0041B649+177737]
Ordinal0 [0x0041A8ED+174317]
Ordinal0 [0x00418CDB+167131]
Ordinal0 [0x0040144A+70730]
Ordinal0 [0x004024D0+74960]
Ordinal0 [0x00402469+74857]
Ordinal0 [0x005042C7+1131207]
GetHandleVerifier [0x006070FD+523789]
GetHandleVerifier [0x00606E90+523168]
GetHandleVerifier [0x0060E1E7+552695]
GetHandleVerifier [0x006078FA+525834]
Ordinal0 [0x004FB7FC+1095676]
Ordinal0 [0x0050633B+1139515]
Ordinal0 [0x005064A3+1139875]
Ordinal0 [0x00505425+1135653]
BaseThreadInitThunk [0x755D6359+25]
RtlGetAppContainerNamedObjectPath [0x77B17B74+228]
RtlGetAppContainerNamedObjectPath [0x77B17B44+180]

at sun.reflect.NativeConstructorAccessorImpl.newInstance0(Native Method)
at sun.reflect.NativeConstructorAccessorImpl.newInstance(Unknown Source)
at sun.reflect.DelegatingConstructorAccessorImpl.newInstance(Unknown Source)
at java.lang.reflect.Constructor.newInstance(Unknown Source)
at org.openqa.selenium.remote.W3CHandshakeResponse.lambda$errorHandler$0(W3CHandshakeResponse.java:62)
at org.openqa.selenium.remote.HandshakeResponse.lambda$getResponseFunction$0(HandshakeResponse.java:30)
at org.openqa.selenium.remote.ProtocolHandshake.lambda$createSession$0(ProtocolHandshake.java:126)
at java.util.stream.ReferencePipeline$3$1.accept(Unknown Source)
at java.util.Spliterators$ArraySpliterator.tryAdvance(Unknown Source)
at java.util.stream.ReferencePipeline.forEachWithCancel(Unknown Source)
at java.util.stream.AbstractPipeline.copyIntoWithCancel(Unknown Source)
at java.util.stream.AbstractPipeline.copyInto(Unknown Source)
at java.util.stream.AbstractPipeline.wrapAndCopyInto(Unknown Source)
at java.util.stream.FindOps$FindOp.evaluateSequential(Unknown Source)
at java.util.stream.AbstractPipeline.evaluate(Unknown Source)
at java.util.stream.ReferencePipeline.findFirst(Unknown Source)
at org.openqa.selenium.remote.ProtocolHandshake.createSession(ProtocolHandshake.java:128)
at org.openqa.selenium.remote.ProtocolHandshake.createSession(ProtocolHandshake.java:74)
at org.openqa.selenium.remote.HttpCommandExecutor.execute(HttpCommandExecutor.java:136)
at org.openqa.selenium.remote.service.DriverCommandExecutor.execute(DriverCommandExecutor.java:83)
at org.openqa.selenium.remote.RemoteWebDriver.execute(RemoteWebDriver.java:552)
at org.openqa.selenium.remote.RemoteWebDriver.startSession(RemoteWebDriver.java:213)
at org.openqa.selenium.remote.RemoteWebDriver.<init>(RemoteWebDriver.java:131)
at org.openqa.selenium.chrome.ChromeDriver.<init>(ChromeDriver.java:181)
at org.openqa.selenium.chrome.ChromeDriver.<init>(ChromeDriver.java:168)
at org.openqa.selenium.chrome.ChromeDriver.<init>(ChromeDriver.java:123)
at base.DriverInitials.initials(DriverInitials.java:33)
at sun.reflect.NativeMethodAccessorImpl.invoke0(Native Method)
at sun.reflect.NativeMethodAccessorImpl.invoke(Unknown Source)
at sun.reflect.DelegatingMethodAccessorImpl.invoke(Unknown Source)
at java.lang.reflect.Method.invoke(Unknown Source)
at org.testng.internal.MethodInvocationHelper.invokeMethod(MethodInvocationHelper.java:124)
at org.testng.internal.MethodInvocationHelper.invokeMethodConsideringTimeout(MethodInvocationHelper.java:59)
at org.testng.internal.Invoker.invokeConfigurationMethod(Invoker.java:455)
at org.testng.internal.Invoker.invokeConfigurations(Invoker.java:222)
at org.testng.internal.Invoker.invokeMethod(Invoker.java:520)
at org.testng.internal.Invoker.invokeTestMethod(Invoker.java:716)
at org.testng.internal.Invoker.invokeTestMethods(Invoker.java:988)
at org.testng.internal.TestMethodWorker.invokeTestMethods(TestMethodWorker.java:125)
at org.testng.internal.TestMethodWorker.run(TestMethodWorker.java:109)
at org.testng.TestRunner.privateRun(TestRunner.java:648)
at org.testng.TestRunner.run(TestRunner.java:505)
at org.testng.SuiteRunner.runTest(SuiteRunner.java:455)
at org.testng.SuiteRunner.runSequentially(SuiteRunner.java:450)
at org.testng.SuiteRunner.privateRun(SuiteRunner.java:415)
at org.testng.SuiteRunner.run(SuiteRunner.java:364)
at org.testng.SuiteRunnerWorker.runSuite(SuiteRunnerWorker.java:52)
at org.testng.SuiteRunnerWorker.run(SuiteRunnerWorker.java:84)
at org.testng.TestNG.runSuitesSequentially(TestNG.java:1208)
at org.testng.TestNG.runSuitesLocally(TestNG.java:1137)
at org.testng.TestNG.runSuites(TestNG.java:1049)
at org.testng.TestNG.run(TestNG.java:1017)
at org.testng.remote.AbstractRemoteTestNG.run(AbstractRemoteTestNG.java:114)
at org.testng.remote.RemoteTestNG.initAndRun(RemoteTestNG.java:251)
at org.testng.remote.RemoteTestNG.main(RemoteTestNG.java:77)
]]>
            </full-stacktrace>
          </exception> <!-- org.openqa.selenium.SessionNotCreatedException -->
          <reporter-output>
          </reporter-output>
        </test-method> <!-- testCase1 -->
      </class> <!-- testcases.TestCase1 -->
    </test> <!-- Default test -->
  </suite> <!-- Default suite -->
</testng-results>
